# JRE version: OpenJDK Runtime Environment Temurin-21.0.10+7 (21.0.10+7) (build 21.0.10+7-LTS)
# Java VM: OpenJDK 64-Bit Server VM Temurin-21.0.10+7 (21.0.10+7-LTS, mixed mode, sharing, tiered, compressed oops, compressed class ptrs, parallel gc, windows-amd64)
GC Precious Log:
 CardTable entry size: 512
 CPUs: 8 total, 8 available
 Memory: 16157M
 Large Page Support: Disabled
 NUMA Support: Disabled
 Compressed Oops: Enabled (32-bit)
 Alignments: Space 512K, Generation 512K, Heap 2M
 Heap Min Capacity: 100M
 Heap Initial Capacity: 100M
 Heap Max Capacity: 2G
 Pre-touch: Disabled
 Parallel Workers: 8
Heap:
 PSYoungGen      total 16384K, used 10886K [0x00000000d5580000, 0x00000000d7600000, 0x0000000100000000)
  eden space 14848K, 63% used [0x00000000d5580000,0x00000000d5ea3da8,0x00000000d6400000)
  from space 1536K, 99% used [0x00000000d6500000,0x00000000d667dc80,0x00000000d6680000)
  to   space 9216K, 0% used [0x00000000d6d00000,0x00000000d6d00000,0x00000000d7600000)
 ParOldGen       total 68608K, used 58604K [0x0000000080000000, 0x0000000084300000, 0x00000000d5580000)
  object space 68608K, 85% used [0x0000000080000000,0x000000008393b0c0,0x0000000084300000)
 Metaspace       used 64523K, committed 65984K, reserved 1114112K
  class space    used 6877K, committed 7552K, reserved 1048576K
GC Heap History (20 events):
Event: 42.582 GC heap before
{Heap before GC invocations=39 (full 3):
 PSYoungGen      total 17408K, used 1949K [0x00000000d5580000, 0x00000000d6a00000, 0x0000000100000000)
  eden space 15360K, 0% used [0x00000000d5580000,0x00000000d5580000,0x00000000d6480000)
  from space 2048K, 95% used [0x00000000d6700000,0x00000000d68e7650,0x00000000d6900000)
  to   space 2560K, 0% used [0x00000000d6480000,0x00000000d6480000,0x00000000d6700000)
 ParOldGen       total 68608K, used 45367K [0x0000000080000000, 0x0000000084300000, 0x00000000d5580000)
  object space 68608K, 66% used [0x0000000080000000,0x0000000082c4dd38,0x0000000084300000)
 Metaspace       used 58838K, committed 60288K, reserved 1114112K
  class space    used 6367K, committed 7040K, reserved 1048576K
}
Event: 42.757 GC heap after
{Heap after GC invocations=39 (full 3):
 PSYoungGen      total 17408K, used 0K [0x00000000d5580000, 0x00000000d6a00000, 0x0000000100000000)
  eden space 15360K, 0% used [0x00000000d5580000,0x00000000d5580000,0x00000000d6480000)
  from space 2048K, 0% used [0x00000000d6700000,0x00000000d6700000,0x00000000d6900000)
  to   space 2560K, 0% used [0x00000000d6480000,0x00000000d6480000,0x00000000d6700000)
 ParOldGen       total 68608K, used 42394K [0x0000000080000000, 0x0000000084300000, 0x00000000d5580000)
  object space 68608K, 61% used [0x0000000080000000,0x00000000829669d0,0x0000000084300000)
 Metaspace       used 58799K, committed 60288K, reserved 1114112K
  class space    used 6356K, committed 7040K, reserved 1048576K
}
Event: 43.326 GC heap before
{Heap before GC invocations=40 (full 3):
 PSYoungGen      total 17408K, used 15360K [0x00000000d5580000, 0x00000000d6a00000, 0x0000000100000000)
  eden space 15360K, 100% used [0x00000000d5580000,0x00000000d6480000,0x00000000d6480000)
  from space 2048K, 0% used [0x00000000d6700000,0x00000000d6700000,0x00000000d6900000)
  to   space 2560K, 0% used [0x00000000d6480000,0x00000000d6480000,0x00000000d6700000)
 ParOldGen       total 68608K, used 42394K [0x0000000080000000, 0x0000000084300000, 0x00000000d5580000)
  object space 68608K, 61% used [0x0000000080000000,0x00000000829669d0,0x0000000084300000)
 Metaspace       used 60116K, committed 61568K, reserved 1114112K
  class space    used 6465K, committed 7104K, reserved 1048576K
}
Event: 43.335 GC heap after
{Heap after GC invocations=40 (full 3):
 PSYoungGen      total 17920K, used 2537K [0x00000000d5580000, 0x00000000d6a80000, 0x0000000100000000)
  eden space 15360K, 0% used [0x00000000d5580000,0x00000000d5580000,0x00000000d6480000)
  from space 2560K, 99% used [0x00000000d6480000,0x00000000d66fa5d0,0x00000000d6700000)
  to   space 3072K, 0% used [0x00000000d6780000,0x00000000d6780000,0x00000000d6a80000)
 ParOldGen       total 68608K, used 42546K [0x0000000080000000, 0x0000000084300000, 0x00000000d5580000)
  object space 68608K, 62% used [0x0000000080000000,0x000000008298c9e0,0x0000000084300000)
 Metaspace       used 60116K, committed 61568K, reserved 1114112K
  class space    used 6465K, committed 7104K, reserved 1048576K
}
Event: 43.867 GC heap before
{Heap before GC invocations=41 (full 3):
 PSYoungGen      total 17920K, used 17897K [0x00000000d5580000, 0x00000000d6a80000, 0x0000000100000000)
  eden space 15360K, 100% used [0x00000000d5580000,0x00000000d6480000,0x00000000d6480000)
  from space 2560K, 99% used [0x00000000d6480000,0x00000000d66fa5d0,0x00000000d6700000)
  to   space 3072K, 0% used [0x00000000d6780000,0x00000000d6780000,0x00000000d6a80000)
 ParOldGen       total 68608K, used 42546K [0x0000000080000000, 0x0000000084300000, 0x00000000d5580000)
  object space 68608K, 62% used [0x0000000080000000,0x000000008298c9e0,0x0000000084300000)
 Metaspace       used 61079K, committed 62464K, reserved 1114112K
  class space    used 6538K, committed 7168K, reserved 1048576K
}
Event: 43.873 GC heap after
{Heap after GC invocations=41 (full 3):
 PSYoungGen      total 16896K, used 1239K [0x00000000d5580000, 0x00000000d6900000, 0x0000000100000000)
  eden space 15360K, 0% used [0x00000000d5580000,0x00000000d5580000,0x00000000d6480000)
  from space 1536K, 80% used [0x00000000d6780000,0x00000000d68b5e68,0x00000000d6900000)
  to   space 2048K, 0% used [0x00000000d6500000,0x00000000d6500000,0x00000000d6700000)
 ParOldGen       total 68608K, used 44269K [0x0000000080000000, 0x0000000084300000, 0x00000000d5580000)
  object space 68608K, 64% used [0x0000000080000000,0x0000000082b3b718,0x0000000084300000)
 Metaspace       used 61079K, committed 62464K, reserved 1114112K
  class space    used 6538K, committed 7168K, reserved 1048576K
}
Event: 342.290 GC heap before
{Heap before GC invocations=42 (full 3):
 PSYoungGen      total 16896K, used 16599K [0x00000000d5580000, 0x00000000d6900000, 0x0000000100000000)
  eden space 15360K, 100% used [0x00000000d5580000,0x00000000d6480000,0x00000000d6480000)
  from space 1536K, 80% used [0x00000000d6780000,0x00000000d68b5e68,0x00000000d6900000)
  to   space 2048K, 0% used [0x00000000d6500000,0x00000000d6500000,0x00000000d6700000)
 ParOldGen       total 68608K, used 44269K [0x0000000080000000, 0x0000000084300000, 0x00000000d5580000)
  object space 68608K, 64% used [0x0000000080000000,0x0000000082b3b718,0x0000000084300000)
 Metaspace       used 62206K, committed 63680K, reserved 1114112K
  class space    used 6642K, committed 7296K, reserved 1048576K
}
Event: 342.294 GC heap after
{Heap after GC invocations=42 (full 3):
 PSYoungGen      total 17408K, used 448K [0x00000000d5580000, 0x00000000d6800000, 0x0000000100000000)
  eden space 15360K, 0% used [0x00000000d5580000,0x00000000d5580000,0x00000000d6480000)
  from space 2048K, 21% used [0x00000000d6500000,0x00000000d6570000,0x00000000d6700000)
  to   space 1024K, 0% used [0x00000000d6700000,0x00000000d6700000,0x00000000d6800000)
 ParOldGen       total 68608K, used 45341K [0x0000000080000000, 0x0000000084300000, 0x00000000d5580000)
  object space 68608K, 66% used [0x0000000080000000,0x0000000082c474f0,0x0000000084300000)
 Metaspace       used 62206K, committed 63680K, reserved 1114112K
  class space    used 6642K, committed 7296K, reserved 1048576K
}
Event: 636.003 GC heap before
{Heap before GC invocations=43 (full 3):
 PSYoungGen      total 17408K, used 15808K [0x00000000d5580000, 0x00000000d6800000, 0x0000000100000000)
  eden space 15360K, 100% used [0x00000000d5580000,0x00000000d6480000,0x00000000d6480000)
  from space 2048K, 21% used [0x00000000d6500000,0x00000000d6570000,0x00000000d6700000)
  to   space 1024K, 0% used [0x00000000d6700000,0x00000000d6700000,0x00000000d6800000)
 ParOldGen       total 68608K, used 45341K [0x0000000080000000, 0x0000000084300000, 0x00000000d5580000)
  object space 68608K, 66% used [0x0000000080000000,0x0000000082c474f0,0x0000000084300000)
 Metaspace       used 63257K, committed 64768K, reserved 1114112K
  class space    used 6787K, committed 7424K, reserved 1048576K
}
Event: 636.010 GC heap after
{Heap after GC invocations=43 (full 3):
 PSYoungGen      total 15872K, used 1010K [0x00000000d5580000, 0x00000000d6a80000, 0x0000000100000000)
  eden space 14848K, 0% used [0x00000000d5580000,0x00000000d5580000,0x00000000d6400000)
  from space 1024K, 98% used [0x00000000d6700000,0x00000000d67fc9c8,0x00000000d6800000)
  to   space 3072K, 0% used [0x00000000d6400000,0x00000000d6400000,0x00000000d6700000)
 ParOldGen       total 68608K, used 46786K [0x0000000080000000, 0x0000000084300000, 0x00000000d5580000)
  object space 68608K, 68% used [0x0000000080000000,0x0000000082db0ac0,0x0000000084300000)
 Metaspace       used 63257K, committed 64768K, reserved 1114112K
  class space    used 6787K, committed 7424K, reserved 1048576K
}
Event: 636.632 GC heap before
{Heap before GC invocations=44 (full 3):
 PSYoungGen      total 15872K, used 15858K [0x00000000d5580000, 0x00000000d6a80000, 0x0000000100000000)
  eden space 14848K, 100% used [0x00000000d5580000,0x00000000d6400000,0x00000000d6400000)
  from space 1024K, 98% used [0x00000000d6700000,0x00000000d67fc9c8,0x00000000d6800000)
  to   space 3072K, 0% used [0x00000000d6400000,0x00000000d6400000,0x00000000d6700000)
 ParOldGen       total 68608K, used 46786K [0x0000000080000000, 0x0000000084300000, 0x00000000d5580000)
  object space 68608K, 68% used [0x0000000080000000,0x0000000082db0ac0,0x0000000084300000)
 Metaspace       used 63313K, committed 64768K, reserved 1114112K
  class space    used 6790K, committed 7424K, reserved 1048576K
}
Event: 636.638 GC heap after
{Heap after GC invocations=44 (full 3):
 PSYoungGen      total 17920K, used 3046K [0x00000000d5580000, 0x00000000d6f00000, 0x0000000100000000)
  eden space 14848K, 0% used [0x00000000d5580000,0x00000000d5580000,0x00000000d6400000)
  from space 3072K, 99% used [0x00000000d6400000,0x00000000d66f99e0,0x00000000d6700000)
  to   space 5632K, 0% used [0x00000000d6980000,0x00000000d6980000,0x00000000d6f00000)
 ParOldGen       total 68608K, used 48799K [0x0000000080000000, 0x0000000084300000, 0x00000000d5580000)
  object space 68608K, 71% used [0x0000000080000000,0x0000000082fa7dd0,0x0000000084300000)
 Metaspace       used 63313K, committed 64768K, reserved 1114112K
  class space    used 6790K, committed 7424K, reserved 1048576K
}
Event: 645.092 GC heap before
{Heap before GC invocations=45 (full 3):
 PSYoungGen      total 17920K, used 17892K [0x00000000d5580000, 0x00000000d6f00000, 0x0000000100000000)
  eden space 14848K, 99% used [0x00000000d5580000,0x00000000d63ff880,0x00000000d6400000)
  from space 3072K, 99% used [0x00000000d6400000,0x00000000d66f99e0,0x00000000d6700000)
  to   space 5632K, 0% used [0x00000000d6980000,0x00000000d6980000,0x00000000d6f00000)
 ParOldGen       total 68608K, used 48799K [0x0000000080000000, 0x0000000084300000, 0x00000000d5580000)
  object space 68608K, 71% used [0x0000000080000000,0x0000000082fa7dd0,0x0000000084300000)
 Metaspace       used 63757K, committed 65216K, reserved 1114112K
  class space    used 6825K, committed 7488K, reserved 1048576K
}
Event: 645.099 GC heap after
{Heap after GC invocations=45 (full 3):
 PSYoungGen      total 15360K, used 416K [0x00000000d5580000, 0x00000000d6a00000, 0x0000000100000000)
  eden space 14848K, 0% used [0x00000000d5580000,0x00000000d5580000,0x00000000d6400000)
  from space 512K, 81% used [0x00000000d6980000,0x00000000d69e8020,0x00000000d6a00000)
  to   space 2560K, 0% used [0x00000000d6500000,0x00000000d6500000,0x00000000d6780000)
 ParOldGen       total 68608K, used 51825K [0x0000000080000000, 0x0000000084300000, 0x00000000d5580000)
  object space 68608K, 75% used [0x0000000080000000,0x000000008329c7d0,0x0000000084300000)
 Metaspace       used 63757K, committed 65216K, reserved 1114112K
  class space    used 6825K, committed 7488K, reserved 1048576K
}
Event: 645.362 GC heap before
{Heap before GC invocations=46 (full 3):
 PSYoungGen      total 15360K, used 15264K [0x00000000d5580000, 0x00000000d6a00000, 0x0000000100000000)
  eden space 14848K, 100% used [0x00000000d5580000,0x00000000d6400000,0x00000000d6400000)
  from space 512K, 81% used [0x00000000d6980000,0x00000000d69e8020,0x00000000d6a00000)
  to   space 2560K, 0% used [0x00000000d6500000,0x00000000d6500000,0x00000000d6780000)
 ParOldGen       total 68608K, used 51825K [0x0000000080000000, 0x0000000084300000, 0x00000000d5580000)
  object space 68608K, 75% used [0x0000000080000000,0x000000008329c7d0,0x0000000084300000)
 Metaspace       used 64047K, committed 65472K, reserved 1114112K
  class space    used 6872K, committed 7552K, reserved 1048576K
}
Event: 645.366 GC heap after
{Heap after GC invocations=46 (full 3):
 PSYoungGen      total 17408K, used 2543K [0x00000000d5580000, 0x00000000d6b00000, 0x0000000100000000)
  eden space 14848K, 0% used [0x00000000d5580000,0x00000000d5580000,0x00000000d6400000)
  from space 2560K, 99% used [0x00000000d6500000,0x00000000d677bd00,0x00000000d6780000)
  to   space 3584K, 0% used [0x00000000d6780000,0x00000000d6780000,0x00000000d6b00000)
 ParOldGen       total 68608K, used 52334K [0x0000000080000000, 0x0000000084300000, 0x00000000d5580000)
  object space 68608K, 76% used [0x0000000080000000,0x000000008331b900,0x0000000084300000)
 Metaspace       used 64047K, committed 65472K, reserved 1114112K
  class space    used 6872K, committed 7552K, reserved 1048576K
}
Event: 744.252 GC heap before
{Heap before GC invocations=47 (full 3):
 PSYoungGen      total 17408K, used 17391K [0x00000000d5580000, 0x00000000d6b00000, 0x0000000100000000)
  eden space 14848K, 100% used [0x00000000d5580000,0x00000000d6400000,0x00000000d6400000)
  from space 2560K, 99% used [0x00000000d6500000,0x00000000d677bd00,0x00000000d6780000)
  to   space 3584K, 0% used [0x00000000d6780000,0x00000000d6780000,0x00000000d6b00000)
 ParOldGen       total 68608K, used 52334K [0x0000000080000000, 0x0000000084300000, 0x00000000d5580000)
  object space 68608K, 76% used [0x0000000080000000,0x000000008331b900,0x0000000084300000)
 Metaspace       used 64307K, committed 65792K, reserved 1114112K
  class space    used 6874K, committed 7552K, reserved 1048576K
}
Event: 744.253 GC heap after
{Heap after GC invocations=47 (full 3):
 PSYoungGen      total 15360K, used 288K [0x00000000d5580000, 0x00000000d6800000, 0x0000000100000000)
  eden space 14848K, 0% used [0x00000000d5580000,0x00000000d5580000,0x00000000d6400000)
  from space 512K, 56% used [0x00000000d6780000,0x00000000d67c8020,0x00000000d6800000)
  to   space 1536K, 0% used [0x00000000d6500000,0x00000000d6500000,0x00000000d6680000)
 ParOldGen       total 68608K, used 52414K [0x0000000080000000, 0x0000000084300000, 0x00000000d5580000)
  object space 68608K, 76% used [0x0000000080000000,0x000000008332f900,0x0000000084300000)
 Metaspace       used 64307K, committed 65792K, reserved 1114112K
  class space    used 6874K, committed 7552K, reserved 1048576K
}
Event: 744.925 GC heap before
{Heap before GC invocations=48 (full 3):
 PSYoungGen      total 15360K, used 15136K [0x00000000d5580000, 0x00000000d6800000, 0x0000000100000000)
  eden space 14848K, 100% used [0x00000000d5580000,0x00000000d6400000,0x00000000d6400000)
  from space 512K, 56% used [0x00000000d6780000,0x00000000d67c8020,0x00000000d6800000)
  to   space 1536K, 0% used [0x00000000d6500000,0x00000000d6500000,0x00000000d6680000)
 ParOldGen       total 68608K, used 52414K [0x0000000080000000, 0x0000000084300000, 0x00000000d5580000)
  object space 68608K, 76% used [0x0000000080000000,0x000000008332f900,0x0000000084300000)
 Metaspace       used 64474K, committed 65920K, reserved 1114112K
  class space    used 6877K, committed 7552K, reserved 1048576K
}
Event: 744.936 GC heap after
{Heap after GC invocations=48 (full 3):
 PSYoungGen      total 16384K, used 1527K [0x00000000d5580000, 0x00000000d7600000, 0x0000000100000000)
  eden space 14848K, 0% used [0x00000000d5580000,0x00000000d5580000,0x00000000d6400000)
  from space 1536K, 99% used [0x00000000d6500000,0x00000000d667dc80,0x00000000d6680000)
  to   space 9216K, 0% used [0x00000000d6d00000,0x00000000d6d00000,0x00000000d7600000)
 ParOldGen       total 68608K, used 58604K [0x0000000080000000, 0x0000000084300000, 0x00000000d5580000)
  object space 68608K, 85% used [0x0000000080000000,0x000000008393b0c0,0x0000000084300000)
 Metaspace       used 64474K, committed 65920K, reserved 1114112K
  class space    used 6877K, committed 7552K, reserved 1048576K
}

